2020-Jul-14 08:21:08 6848 asesino a dfgdfg
2020-Jul-14 08:22:00 6848 asesino a fghfghfgh
2020-Jul-14 08:26:20 8788 asesino a fghfghfgh
2020-Jul-14 12:33:33 asd asesino a asdp
2020-Jul-14 12:33:55 asd asesino a asdp
2020-Jul-14 12:34:41 asd asesino a asdp
2020-Jul-14 17:39:56 asd asesino a sdsd
2020-Jul-14 17:51:53 dfg asesino a sdfsdf
2020-Jul-14 17:53:32 dfg asesino a dfg
2020-Jul-14 17:57:23 asdsad asesino a oko
2020-Jul-14 17:57:45 asdsad asesino a oko
2020-Jul-14 17:58:02 asdsad asesino a oko
2020-Jul-14 17:58:20 asdsad asesino a oko
2020-Jul-14 17:58:47 asdsad asesino a oko
2020-Jul-14 17:59:06 asdsad asesino a oko
2020-Jul-14 17:59:20 asdsad asesino a oko
2020-Jul-14 18:00:47 asdsad asesino a oko
2020-Jul-14 18:19:24 pp asesino a oko
2020-Jul-14 18:21:42 ghj asesino a oko
2020-Jul-14 18:22:11 ghj asesino a oko
2020-Jul-14 18:22:27 ghj asesino a oko
2020-Jul-14 18:22:39 ghj asesino a oko
2020-Jul-15 05:00:31 aa asesino a sdf
2020-Jul-15 05:00:40 aa asesino a sdf
2020-Jul-15 05:01:14 aa asesino a sdf
2020-Jul-15 05:04:07 kl asesino a aa
2020-Jul-15 05:04:09 kl asesino a sdf
2020-Jul-15 06:22:37 dfgdfg asesino a dfgdfg
2020-Jul-15 08:34:45 dfgdfg asesino a dfg
2020-Jul-15 08:35:11 dfgdfg asesino a dfg
2020-Jul-15 08:35:21 dfgdfg asesino a dfg
2020-Jul-15 08:36:59 dfg asesino a cvb
2020-Jul-15 08:37:19 dfg asesino a cvb
2020-Jul-15 08:37:39 dfg asesino a cvb
2020-Jul-15 08:38:47 fgh asesino a fgh
2020-Jul-15 08:39:05 fgh asesino a fgh
2020-Jul-15 08:39:39 fgh asesino a fgh
2020-Jul-15 09:02:33 sdffsdf asesino a fghcvb
2020-Jul-15 09:43:08 fdg asesino a sdf
2020-Jul-15 09:52:53 dfg asesino a fdg
2020-Jul-15 09:56:40 ok asesino a aa
2020-Jul-15 10:00:31 ok asesino a aa
2020-Jul-15 10:01:02 ok asesino a aa
2020-Jul-15 10:01:29 ok asesino a aa
2020-Jul-15 10:35:33 fgh asesino a dfg
2020-Jul-15 10:36:01 fgh asesino a dfg
2020-Jul-15 10:36:14 fgh asesino a dfg
2020-Jul-15 10:36:32 fgh asesino a dfg
2020-Jul-15 10:37:00 fgh asesino a dfg
2020-Jul-15 10:37:16 fgh asesino a dfg
2020-Jul-15 10:37:58 fgh asesino a dfg
2020-Jul-15 10:38:08 fgh asesino a dfg
2020-Jul-15 10:38:30 dfg asesino a fgh
2020-Jul-15 10:38:46 dfg asesino a fgh
2020-Jul-15 10:38:58 dfg asesino a fgh
2020-Jul-15 10:39:10 dfg asesino a fgh
2020-Jul-15 10:39:30 dfg asesino a fgh
2020-Jul-15 10:39:49 dfg asesino a fgh
2020-Jul-15 10:40:07 dfg asesino a fgh
2020-Jul-15 10:40:23 dfg asesino a fgh
2020-Jul-15 10:40:43 dfg asesino a fgh
2020-Jul-15 10:40:57 dfg asesino a fgh
2020-Jul-15 10:50:55 opl asesino a sdf
2020-Jul-15 10:51:08 opl asesino a sdf
2020-Jul-15 10:51:20 opl asesino a sdf
2020-Jul-15 11:35:15 fghfgh asesino a sdf
2020-Jul-15 11:35:26 fghfgh asesino a sdf
2020-Jul-15 11:35:37 fghfgh asesino a sdf
2020-Jul-15 11:35:46 fghfgh asesino a sdf
2020-Jul-15 11:35:54 fghfgh asesino a sdf
2020-Jul-15 11:36:02 fghfgh asesino a sdf
2020-Jul-15 11:36:10 fghfgh asesino a sdf
2020-Jul-15 11:36:17 fghfgh asesino a sdf
2020-Jul-15 11:36:25 fghfgh asesino a sdf
2020-Jul-15 11:36:32 fghfgh asesino a sdf
2020-Jul-15 11:36:40 fghfgh asesino a sdf
2020-Jul-15 11:36:47 fghfgh asesino a sdf
2020-Jul-15 11:36:54 fghfgh asesino a sdf
2020-Jul-15 11:37:02 fghfgh asesino a sdf
2020-Jul-15 11:37:09 fghfgh asesino a sdf
2020-Jul-15 11:37:16 fghfgh asesino a sdf
2020-Jul-15 11:37:25 fghfgh asesino a sdf
2020-Jul-15 11:37:32 fghfgh asesino a sdf
2020-Jul-15 11:37:44 fghfgh asesino a sdf
2020-Jul-15 11:37:53 fghfgh asesino a sdf
2020-Jul-15 11:38:02 fghfgh asesino a sdf
2020-Jul-15 11:38:08 fghfgh asesino a sdf
2020-Jul-15 11:38:17 fghfgh asesino a sdf
2020-Jul-15 11:38:27 fghfgh asesino a sdf
2020-Jul-15 11:38:36 fghfgh asesino a sdf
2020-Jul-15 11:38:46 fghfgh asesino a sdf
2020-Jul-15 11:38:56 fghfgh asesino a sdf
2020-Jul-15 11:39:05 fghfgh asesino a sdf
2020-Jul-15 11:39:12 fghfgh asesino a sdf
2020-Jul-15 11:39:20 fghfgh asesino a sdf
2020-Jul-15 11:39:28 fghfgh asesino a sdf
2020-Jul-15 11:53:56 huj asesino a sdf
2020-Jul-15 11:54:09 huj asesino a sdf
2020-Jul-15 11:54:18 huj asesino a sdf
2020-Jul-15 11:54:22 huj asesino a sdf
2020-Jul-15 11:54:28 huj asesino a sdf
2020-Jul-15 11:54:46 huj asesino a sdf
2020-Jul-15 11:55:08 huj asesino a sdf
2020-Jul-15 11:55:24 huj asesino a sdf
2020-Jul-15 11:55:47 huj asesino a sdf
2020-Jul-15 11:55:55 huj asesino a sdf
2020-Jul-15 11:56:33 huj asesino a sdf
2020-Jul-15 11:56:53 sdf asesino a huj
2020-Jul-15 12:00:55 huj asesino a sdf
2020-Jul-15 12:03:57 huj asesino a sdf
2020-Jul-15 12:04:46 huj asesino a sdf
2020-Jul-15 12:22:17 fgfg asesino a fgh
2020-Jul-15 13:39:11 sdf asesino a hgj
2020-Jul-15 13:40:55 dfg asesino a sdf
2020-Jul-15 13:41:31 dfg asesino a sdf
2020-Jul-15 13:42:15 dfg asesino a ghj
2020-Jul-15 13:45:22 dfgd asesino a sdf
2020-Jul-15 13:52:16 qweqwe asesino a dfg
2020-Jul-15 13:54:20 dfg asesino a qweqwe
2020-Jul-15 13:55:32 kh asesino a dfg
2020-Jul-15 13:56:01 kh asesino a ghj
2020-Jul-15 13:56:17 kh asesino a ghj
2020-Jul-15 13:56:25 kh asesino a ghj
2020-Jul-15 13:56:33 kh asesino a ghj
2020-Jul-15 13:56:41 kh asesino a ghj
2020-Jul-15 13:56:49 kh asesino a ghj
2020-Jul-15 13:56:57 kh asesino a ghj
2020-Jul-15 13:57:08 kh asesino a ghj
2020-Jul-15 13:57:21 kh asesino a ghj
2020-Jul-15 13:57:31 kh asesino a ghj
2020-Jul-15 13:57:39 kh asesino a ghj
2020-Jul-15 13:57:46 kh asesino a ghj
2020-Jul-15 13:57:55 kh asesino a ghj
2020-Jul-15 13:58:05 kh asesino a ghj
2020-Jul-15 13:58:12 kh asesino a ghj
2020-Jul-15 13:58:20 kh asesino a ghj
2020-Jul-15 13:58:29 kh asesino a ghj
2020-Jul-15 13:58:37 kh asesino a ghj
2020-Jul-15 13:58:45 kh asesino a ghj
2020-Jul-15 13:58:52 kh asesino a ghj
2020-Jul-15 13:59:01 kh asesino a ghj
2020-Jul-15 13:59:10 kh asesino a ghj
2020-Jul-15 13:59:17 kh asesino a ghj
2020-Jul-15 13:59:26 kh asesino a ghj
2020-Jul-15 13:59:36 kh asesino a ghj
2020-Jul-15 13:59:44 kh asesino a ghj
2020-Jul-15 13:59:53 kh asesino a ghj
2020-Jul-15 13:59:59 kh asesino a ghj
2020-Jul-15 14:00:07 kh asesino a ghj
2020-Jul-15 14:00:13 kh asesino a ghj
2020-Jul-15 14:00:20 kh asesino a ghj
2020-Jul-15 14:00:32 kh asesino a ghj
2020-Jul-15 14:00:41 kh asesino a ghj
2020-Jul-15 14:00:49 kh asesino a ghj
2020-Jul-15 14:01:00 kh asesino a ghj
2020-Jul-15 14:01:06 kh asesino a ghj
2020-Jul-15 14:01:14 kh asesino a ghj
2020-Jul-15 14:01:20 kh asesino a ghj
2020-Jul-15 14:01:26 kh asesino a ghj
2020-Jul-15 14:01:33 kh asesino a ghj
2020-Jul-15 14:01:40 kh asesino a ghj
2020-Jul-15 14:19:17 ghj asesino a sdfsdf
2020-Jul-15 14:19:20 ghj asesino a sdfsdf
2020-Jul-15 14:19:35 ghj asesino a sdfsdf
2020-Jul-15 14:19:41 ghj asesino a sdfsdf
2020-Jul-15 14:19:54 ghj asesino a sdfsdf
2020-Jul-15 14:20:02 ghj asesino a sdfsdf
2020-Jul-15 14:34:14 ertert asesino a sdf
2020-Jul-15 14:34:27 ertert asesino a sdf
2020-Jul-15 14:34:38 ertert asesino a sdf
2020-Jul-15 14:34:51 ertert asesino a sdf
2020-Jul-15 14:35:11 ertert asesino a sdf
2020-Jul-15 14:35:21 ertert asesino a sdf
2020-Jul-15 14:35:38 ertert asesino a sdf
2020-Jul-15 14:35:46 ertert asesino a sdf
2020-Jul-15 14:35:56 ertert asesino a sdf
2020-Jul-15 14:36:14 ertert asesino a sdf
2020-Jul-15 14:36:33 ertert asesino a sdf
2020-Jul-15 15:08:01 sdf asesino a asd
2020-Jul-15 15:08:14 sdf asesino a asd
2020-Jul-15 15:08:33 sdf asesino a asd
2020-Jul-15 15:08:46 sdf asesino a asd
2020-Jul-15 15:10:47 ghj asesino a asd
2020-Jul-15 17:20:21 asdasd asesino a asdasd
2020-Jul-15 17:20:28 asdasd asesino a sdfsdfsdf
2020-Jul-15 17:20:38 asdasd asesino a dffff
2020-Jul-15 17:20:42 asdasd asesino a aaaa
2020-Jul-15 17:20:51 asdasd asesino a sdfsdfsdf
2020-Jul-15 17:20:59 asdasd asesino a sdfsdf
2020-Jul-15 17:21:03 asdasd asesino a qweqweqwe
2020-Jul-15 17:21:08 asdasd asesino a qqq
2020-Jul-15 17:21:11 asdasd asesino a sdf
2020-Jul-15 17:21:14 asdasd asesino a sdfsdf
2020-Jul-15 17:21:31 asdasd asesino a sdfsdf
2020-Jul-15 17:21:38 asdasd asesino a sdfsdf
2020-Jul-15 17:21:45 asdasd asesino a sdfsdf
2020-Jul-15 17:21:54 asdasd asesino a sdfsdf
2020-Jul-15 17:22:02 asdasd asesino a sdfsdf
2020-Jul-15 17:22:10 asdasd asesino a sdfsdf
2020-Jul-15 17:22:16 asdasd asesino a sdfsdf
2020-Jul-15 17:22:22 asdasd asesino a sdfsdf
2020-Jul-15 17:22:32 asdasd asesino a sdfsdf
2020-Jul-15 17:22:42 asdasd asesino a sdfsdf
2020-Jul-15 17:22:51 asdasd asesino a sdfsdf
2020-Jul-15 17:22:58 asdasd asesino a sdfsdf
2020-Jul-15 17:23:05 asdasd asesino a sdfsdf
2020-Jul-15 17:23:14 asdasd asesino a sdfsdf
2020-Jul-15 17:23:21 asdasd asesino a sdfsdf
2020-Jul-15 17:23:30 asdasd asesino a sdfsdf
2020-Jul-15 17:23:37 asdasd asesino a sdfsdf
2020-Jul-15 17:23:44 asdasd asesino a sdfsdf
2020-Jul-15 17:23:52 asdasd asesino a sdfsdf
2020-Jul-15 17:23:59 asdasd asesino a sdfsdf
2020-Jul-15 17:24:07 asdasd asesino a sdfsdf
2020-Jul-15 17:24:17 asdasd asesino a sdfsdf
2022-May-01 12:12:54 je asesino a das
2022-May-01 12:14:19 kje asesino a asd
2022-May-01 12:16:28 je asesino a asd
2022-May-01 12:16:40 je asesino a asd
2022-May-01 12:17:01 je asesino a asd
2022-May-01 12:24:43 asd asesino a asd
2022-May-01 12:24:56 asd asesino a asd
2022-May-01 12:25:08 asd asesino a asd
