2020-Jul-14 17:57:23 asdsad paso a nivel 31 gano HP: 7
2020-Jul-14 17:58:02 asdsad paso a nivel 32 gano HP: 5
2020-Jul-14 17:58:20 asdsad paso a nivel 33 gano HP: 6
2020-Jul-14 17:59:06 asdsad paso a nivel 34 gano HP: 6
2020-Jul-14 18:00:47 asdsad paso a nivel 35 gano HP: 8
2020-Jul-14 18:19:24 pp paso a nivel 31 gano HP: 6
2020-Jul-14 18:21:42 ghj paso a nivel 31 gano HP: 7
2020-Jul-14 18:22:11 ghj paso a nivel 31 gano HP: 7
2020-Jul-14 18:22:39 ghj paso a nivel 32 gano HP: 7
2020-Jul-15 05:00:31 aa paso a nivel 31 gano HP: 8
2020-Jul-15 05:01:14 aa paso a nivel 32 gano HP: 8
2020-Jul-15 05:04:07 kl paso a nivel 31 gano HP: 9
2020-Jul-15 05:04:07 kl paso a nivel 32 gano HP: 9
2020-Jul-15 06:22:37 dfgdfg paso a nivel 31 gano HP: 8
2020-Jul-15 08:34:45 dfgdfg paso a nivel 31 gano HP: 8
2020-Jul-15 08:35:21 dfgdfg paso a nivel 32 gano HP: 7
2020-Jul-15 08:36:59 dfg paso a nivel 31 gano HP: 7
2020-Jul-15 08:37:39 dfg paso a nivel 32 gano HP: 7
2020-Jul-15 08:38:47 fgh paso a nivel 31 gano HP: 7
2020-Jul-15 08:39:39 fgh paso a nivel 32 gano HP: 8
2020-Jul-15 09:02:33 sdffsdf paso a nivel 31 gano HP: 7
2020-Jul-15 09:43:08 fdg paso a nivel 31 gano HP: 7
2020-Jul-15 09:52:53 dfg paso a nivel 31 gano HP: 5
2020-Jul-15 09:56:40 ok paso a nivel 31 gano HP: 6
2020-Jul-15 10:01:02 ok paso a nivel 32 gano HP: 7
2020-Jul-15 10:01:29 ok paso a nivel 33 gano HP: 8
2020-Jul-15 10:35:33 fgh paso a nivel 31 gano HP: 7
2020-Jul-15 10:36:14 fgh paso a nivel 32 gano HP: 7
2020-Jul-15 10:36:32 fgh paso a nivel 33 gano HP: 5
2020-Jul-15 10:37:16 fgh paso a nivel 34 gano HP: 8
2020-Jul-15 10:38:08 fgh paso a nivel 35 gano HP: 8
2020-Jul-15 10:38:30 dfg paso a nivel 31 gano HP: 6
2020-Jul-15 10:38:30 dfg paso a nivel 32 gano HP: 5
2020-Jul-15 10:38:30 dfg paso a nivel 33 gano HP: 9
2020-Jul-15 10:38:46 dfg paso a nivel 34 gano HP: 6
2020-Jul-15 10:39:10 dfg paso a nivel 35 gano HP: 7
2020-Jul-15 10:40:07 dfg paso a nivel 36 gano HP: 8
2020-Jul-15 10:40:57 dfg paso a nivel 37 gano HP: 7
2020-Jul-15 10:50:55 opl paso a nivel 31 gano HP: 7
2020-Jul-15 10:51:20 opl paso a nivel 32 gano HP: 8
2020-Jul-15 11:35:15 fghfgh paso a nivel 31 gano HP: 9
2020-Jul-15 11:35:37 fghfgh paso a nivel 32 gano HP: 9
2020-Jul-15 11:35:46 fghfgh paso a nivel 33 gano HP: 10
2020-Jul-15 11:36:02 fghfgh paso a nivel 34 gano HP: 9
2020-Jul-15 11:36:17 fghfgh paso a nivel 35 gano HP: 8
2020-Jul-15 11:36:40 fghfgh paso a nivel 36 gano HP: 8
2020-Jul-15 11:37:02 fghfgh paso a nivel 37 gano HP: 8
2020-Jul-15 11:37:44 fghfgh paso a nivel 38 gano HP: 9
2020-Jul-15 11:38:36 fghfgh paso a nivel 39 gano HP: 10
2020-Jul-15 11:39:36 fghfgh paso a nivel 40 gano HP: 9
2020-Jul-15 11:53:56 huj paso a nivel 31 gano HP: 7
2020-Jul-15 11:54:18 huj paso a nivel 32 gano HP: 7
2020-Jul-15 11:54:22 huj paso a nivel 33 gano HP: 9
2020-Jul-15 11:54:46 huj paso a nivel 34 gano HP: 9
2020-Jul-15 11:55:24 huj paso a nivel 35 gano HP: 8
2020-Jul-15 11:56:33 huj paso a nivel 36 gano HP: 8
2020-Jul-15 11:56:53 sdf paso a nivel 31 gano HP: 7
2020-Jul-15 11:56:53 sdf paso a nivel 32 gano HP: 7
2020-Jul-15 11:56:53 sdf paso a nivel 33 gano HP: 8
2020-Jul-15 11:56:53 sdf paso a nivel 34 gano HP: 9
2020-Jul-15 12:00:55 huj paso a nivel 31 gano HP: 8
2020-Jul-15 12:00:55 huj paso a nivel 32 gano HP: 11
2020-Jul-15 12:00:55 huj paso a nivel 33 gano HP: 11
2020-Jul-15 12:04:46 huj paso a nivel 34 gano HP: 10
2020-Jul-15 12:22:17 fgfg paso a nivel 31 gano HP: 10
2020-Jul-15 13:39:11 sdf paso a nivel 31 gano HP: 6
2020-Jul-15 13:40:55 dfg paso a nivel 31 gano HP: 8
2020-Jul-15 13:42:15 dfg paso a nivel 32 gano HP: 8
2020-Jul-15 13:45:22 dfgd paso a nivel 31 gano HP: 9
2020-Jul-15 13:52:16 qweqwe paso a nivel 31 gano HP: 8
2020-Jul-15 13:54:20 dfg paso a nivel 31 gano HP: 9
2020-Jul-15 13:55:32 kh paso a nivel 31 gano HP: 9
2020-Jul-15 13:56:01 kh paso a nivel 32 gano HP: 9
2020-Jul-15 13:56:17 kh paso a nivel 33 gano HP: 8
2020-Jul-15 13:56:33 kh paso a nivel 34 gano HP: 9
2020-Jul-15 13:56:49 kh paso a nivel 35 gano HP: 8
2020-Jul-15 13:57:21 kh paso a nivel 36 gano HP: 8
2020-Jul-15 13:57:46 kh paso a nivel 37 gano HP: 8
2020-Jul-15 13:58:29 kh paso a nivel 38 gano HP: 9
2020-Jul-15 13:59:17 kh paso a nivel 39 gano HP: 11
2020-Jul-15 14:00:20 kh paso a nivel 40 gano HP: 8
2020-Jul-15 14:01:40 kh paso a nivel 41 gano HP: 9
2020-Jul-15 14:19:17 ghj paso a nivel 31 gano HP: 7
2020-Jul-15 14:19:35 ghj paso a nivel 32 gano HP: 7
2020-Jul-15 14:19:41 ghj paso a nivel 33 gano HP: 9
2020-Jul-15 14:20:02 ghj paso a nivel 34 gano HP: 7
2020-Jul-15 14:34:14 ertert paso a nivel 31 gano HP: 7
2020-Jul-15 14:34:38 ertert paso a nivel 32 gano HP: 7
2020-Jul-15 14:34:51 ertert paso a nivel 33 gano HP: 6
2020-Jul-15 14:35:21 ertert paso a nivel 34 gano HP: 5
2020-Jul-15 14:35:46 ertert paso a nivel 35 gano HP: 5
2020-Jul-15 14:36:33 ertert paso a nivel 36 gano HP: 6
2020-Jul-15 15:08:01 sdf paso a nivel 31 gano HP: 8
2020-Jul-15 15:08:33 sdf paso a nivel 32 gano HP: 9
2020-Jul-15 15:08:46 sdf paso a nivel 33 gano HP: 8
2020-Jul-15 15:10:47 ghj paso a nivel 31 gano HP: 9
2020-Jul-15 17:20:21 asdasd paso a nivel 31 gano HP: 7
2020-Jul-15 17:20:38 asdasd paso a nivel 32 gano HP: 5
2020-Jul-15 17:20:42 asdasd paso a nivel 33 gano HP: 7
2020-Jul-15 17:20:59 asdasd paso a nivel 34 gano HP: 7
2020-Jul-15 17:21:08 asdasd paso a nivel 35 gano HP: 7
2020-Jul-15 17:21:31 asdasd paso a nivel 36 gano HP: 8
2020-Jul-15 17:21:54 asdasd paso a nivel 37 gano HP: 7
2020-Jul-15 17:22:32 asdasd paso a nivel 38 gano HP: 8
2020-Jul-15 17:23:21 asdasd paso a nivel 39 gano HP: 9
2020-Jul-15 17:24:17 asdasd paso a nivel 40 gano HP: 8
2022-May-01 12:12:54 je paso a nivel 31 gano HP: 9
2022-May-01 12:14:19 kje paso a nivel 31 gano HP: 9
2022-May-01 12:16:28 je paso a nivel 31 gano HP: 6
2022-May-01 12:17:01 je paso a nivel 32 gano HP: 9
2022-May-01 12:24:43 asd paso a nivel 31 gano HP: 7
2022-May-01 12:25:08 asd paso a nivel 32 gano HP: 9
2022-Jun-26 22:22:19 test paso a nivel 65 gano HP: 9
