2020-Jul-14 07:24:30Cargando mapas...
2020-Jul-14 08:10:18Se ha creado el personaje fghfg desde IP=127.0.0.1
2020-Jul-14 08:14:43Cargando mapas...
2020-Jul-14 17:47:43Cargando mapas...
2020-Jul-14 17:48:13Cargando mapas...
2020-Jul-14 17:48:58Cargando mapas...
2020-Jul-14 17:49:24Cargando mapas...
2020-Jul-14 17:50:05Cargando mapas...
2020-Jul-14 17:51:03Cargando mapas...
2020-Jul-14 17:52:38Cargando mapas...
2020-Jul-14 17:56:55Cargando mapas...
2020-Jul-14 18:18:47Cargando mapas...
2020-Jul-15 04:30:56Cargando mapas...
2020-Jul-15 04:59:24Cargando mapas...
2020-Jul-15 05:12:13Cargando mapas...
2020-Jul-15 05:42:38Cargando mapas...
2020-Jul-15 05:44:04Cargando mapas...
2020-Jul-15 06:16:59Cargando mapas...
2020-Jul-15 06:24:30Cargando mapas...
2020-Jul-15 07:51:15Cargando mapas...
2020-Jul-15 08:02:01Cargando mapas...
2020-Jul-15 08:05:00Cargando mapas...
2020-Jul-15 08:06:08Cargando mapas...
2020-Jul-15 08:09:02Cargando mapas...
2020-Jul-15 08:11:01Cargando mapas...
2020-Jul-15 08:15:45Cargando mapas...
2020-Jul-15 08:19:59Cargando mapas...
2020-Jul-15 08:34:15Cargando mapas...
2020-Jul-15 08:36:26Cargando mapas...
2020-Jul-15 08:38:24Cargando mapas...
2020-Jul-15 08:57:51Cargando mapas...
2020-Jul-15 09:01:59Cargando mapas...
2020-Jul-15 09:24:04Cargando mapas...
2020-Jul-15 09:31:49Cargando mapas...
2020-Jul-15 09:32:44Cargando mapas...
2020-Jul-15 09:33:11Cargando mapas...
2020-Jul-15 09:34:49Cargando mapas...
2020-Jul-15 09:42:33Cargando mapas...
2020-Jul-15 09:54:55Cargando mapas...
2020-Jul-15 10:33:03Cargando mapas...
2020-Jul-15 10:34:40Cargando mapas...
2020-Jul-15 10:50:09Cargando mapas...
2020-Jul-15 11:28:08Cargando mapas...
2020-Jul-15 11:32:15Cargando mapas...
2020-Jul-15 11:52:47Cargando mapas...
2020-Jul-15 12:21:42Cargando mapas...
2020-Jul-15 12:33:39Cargando mapas...
2020-Jul-15 13:37:09Cargando mapas...
2020-Jul-15 13:38:24Cargando mapas...
2020-Jul-15 13:40:18Cargando mapas...
2020-Jul-15 13:44:49Cargando mapas...
2020-Jul-15 13:47:14Cargando mapas...
2020-Jul-15 13:47:54Cargando mapas...
2020-Jul-15 13:49:51Cargando mapas...
2020-Jul-15 13:51:41Cargando mapas...
2020-Jul-15 14:12:31Cargando mapas...
2020-Jul-15 14:14:18Cargando mapas...
2020-Jul-15 14:17:32Cargando mapas...
2020-Jul-15 14:28:36Cargando mapas...
2020-Jul-15 14:29:11Cargando mapas...
2020-Jul-15 14:31:58Cargando mapas...
2020-Jul-15 14:33:34Cargando mapas...
2020-Jul-15 14:39:14Cargando mapas...
2020-Jul-15 14:41:04Cargando mapas...
2020-Jul-15 14:43:30Cargando mapas...
2020-Jul-15 14:44:53Cargando mapas...
2020-Jul-15 14:53:21Cargando mapas...
2020-Jul-15 15:06:18Cargando mapas...
2020-Jul-15 15:07:26Cargando mapas...
2020-Jul-15 15:09:28Cargando mapas...
2020-Jul-15 15:30:19Cargando mapas...
2020-Jul-15 17:25:14Cargando mapas...
2020-Jul-15 17:31:08Cargando mapas...
2020-Jul-15 17:35:07Cargando mapas...
2020-Jul-15 17:35:46Cargando mapas...
2020-Jul-15 17:36:44Cargando mapas...
2020-Jul-15 17:37:10Cargando mapas...
2022-Apr-22 23:06:08Cargando mapas...
2022-Apr-22 23:06:33Cargando mapas...
2022-Apr-23 20:28:56Cargando mapas...
2022-Apr-23 20:31:32Cargando mapas...
2022-Apr-23 20:38:53Cargando mapas...
2022-Apr-23 20:39:28Cargando mapas...
2022-Apr-24 11:16:06Cargando mapas...
2022-Apr-24 13:08:03Cargando mapas...
2022-Apr-24 14:26:36Cargando mapas...
2022-Apr-26 19:29:24Cargando mapas...
2022-Apr-26 20:14:47Cargando mapas...
2022-Apr-26 20:16:43Cargando mapas...
2022-May-01 11:37:23Cargando mapas...
2022-May-01 12:10:22Cargando mapas...
2022-May-01 12:12:17Cargando mapas...
2022-May-01 12:15:59Cargando mapas...
2022-May-01 12:18:03Cargando mapas...
2022-May-01 12:21:49Cargando mapas...
2022-May-01 12:23:26Cargando mapas...
2022-May-01 12:31:27Cargando mapas...
2022-May-01 12:34:30Cargando mapas...
2022-May-01 12:39:10Cargando mapas...
2022-May-01 12:42:39Cargando mapas...
2022-May-01 12:47:50Cargando mapas...
2022-May-01 12:48:46Cargando mapas...
2022-May-01 12:51:59Cargando mapas...
2022-May-07 11:40:22Cargando mapas...
2022-May-15 19:35:33Cargando mapas...
2022-May-15 19:35:42Se ha creado el personaje adssda desde IP=127.0.0.1
2022-May-15 19:36:24Se ha creado el personaje adssdad desde IP=127.0.0.1
2022-May-15 19:37:04Se ha creado el personaje adssdada desde IP=127.0.0.1
2022-May-15 19:37:36Se ha creado el personaje adssdadaa desde IP=127.0.0.1
2022-May-15 19:51:07Se ha creado el personaje adssdadaaa desde IP=127.0.0.1
2022-May-18 11:32:54Cargando mapas...
2022-May-18 20:19:02Cargando mapas...
2022-May-28 13:24:53Cargando mapas...
2022-May-28 18:38:55Cargando mapas...
2022-May-29 10:52:11Cargando mapas...
2022-May-29 19:05:03Cargando mapas...
2022-May-29 20:00:32Cargando mapas...
2022-May-29 20:01:40Cargando mapas...
2022-May-29 20:03:52Cargando mapas...
2022-May-29 20:05:33Cargando mapas...
2022-May-29 20:07:17Cargando mapas...
2022-Jun-26 22:14:33Cargando mapas...
2022-Jun-26 22:16:14Cargando mapas...
2022-Jun-26 22:18:46Cargando mapas...
2022-Jun-26 22:53:51Cargando mapas...
2022-Jun-26 22:56:07Cargando mapas...
