2020-Jul-14 07:24:32 IniciaWsApi
2020-Jul-14 08:10:36 Unhandled error on HandleIncomingData, out of bounds: 0
2020-Jul-14 08:11:07 Control-C, terminando.
2020-Jul-14 08:14:45 IniciaWsApi
2020-Jul-14 17:47:25 Control-C, terminando.
2020-Jul-14 17:47:45 IniciaWsApi
2020-Jul-14 17:48:08 Control-C, terminando.
2020-Jul-14 17:48:15 IniciaWsApi
2020-Jul-14 17:48:52 Control-C, terminando.
2020-Jul-14 17:49:00 IniciaWsApi
2020-Jul-14 17:49:18 Control-C, terminando.
2020-Jul-14 17:49:26 IniciaWsApi
2020-Jul-14 17:49:58 Control-C, terminando.
2020-Jul-14 17:50:07 IniciaWsApi
2020-Jul-14 17:50:57 Control-C, terminando.
2020-Jul-14 17:51:05 IniciaWsApi
2020-Jul-14 17:52:32 Control-C, terminando.
2020-Jul-14 17:52:40 IniciaWsApi
2020-Jul-14 17:56:04 Control-C, terminando.
2020-Jul-14 17:56:57 IniciaWsApi
2020-Jul-14 18:18:41 Control-C, terminando.
2020-Jul-14 18:18:49 IniciaWsApi
2020-Jul-15 04:30:54 Control-C, terminando.
2020-Jul-15 04:30:58 IniciaWsApi
2020-Jul-15 04:59:22 Control-C, terminando.
2020-Jul-15 04:59:26 IniciaWsApi
2020-Jul-15 05:12:09 Control-C, terminando.
2020-Jul-15 05:12:15 IniciaWsApi
2020-Jul-15 05:42:31 Control-C, terminando.
2020-Jul-15 05:42:40 IniciaWsApi
2020-Jul-15 05:43:58 Control-C, terminando.
2020-Jul-15 05:44:06 IniciaWsApi
2020-Jul-15 06:16:54 Control-C, terminando.
2020-Jul-15 06:17:01 IniciaWsApi
2020-Jul-15 06:24:24 Control-C, terminando.
2020-Jul-15 06:24:32 IniciaWsApi
2020-Jul-15 07:51:11 Control-C, terminando.
2020-Jul-15 07:51:17 IniciaWsApi
2020-Jul-15 08:01:56 Control-C, terminando.
2020-Jul-15 08:02:02 IniciaWsApi
2020-Jul-15 08:04:55 Control-C, terminando.
2020-Jul-15 08:05:02 IniciaWsApi
2020-Jul-15 08:06:03 Control-C, terminando.
2020-Jul-15 08:06:10 IniciaWsApi
2020-Jul-15 08:08:57 Control-C, terminando.
2020-Jul-15 08:09:04 IniciaWsApi
2020-Jul-15 08:10:56 Control-C, terminando.
2020-Jul-15 08:11:03 IniciaWsApi
2020-Jul-15 08:15:40 Control-C, terminando.
2020-Jul-15 08:15:47 IniciaWsApi
2020-Jul-15 08:19:54 Control-C, terminando.
2020-Jul-15 08:20:01 IniciaWsApi
2020-Jul-15 08:34:09 Control-C, terminando.
2020-Jul-15 08:34:17 IniciaWsApi
2020-Jul-15 08:36:20 Control-C, terminando.
2020-Jul-15 08:36:28 IniciaWsApi
2020-Jul-15 08:38:18 Control-C, terminando.
2020-Jul-15 08:38:26 IniciaWsApi
2020-Jul-15 08:57:45 Control-C, terminando.
2020-Jul-15 08:57:53 IniciaWsApi
2020-Jul-15 09:01:52 Control-C, terminando.
2020-Jul-15 09:02:01 IniciaWsApi
2020-Jul-15 09:03:18 Control-C, terminando.
2020-Jul-15 09:24:07 IniciaWsApi
2020-Jul-15 09:31:44 Control-C, terminando.
2020-Jul-15 09:31:51 IniciaWsApi
2020-Jul-15 09:32:39 Control-C, terminando.
2020-Jul-15 09:32:46 IniciaWsApi
2020-Jul-15 09:33:06 Control-C, terminando.
2020-Jul-15 09:33:13 IniciaWsApi
2020-Jul-15 09:34:24 Control-C, terminando.
2020-Jul-15 09:34:51 IniciaWsApi
2020-Jul-15 09:42:26 Control-C, terminando.
2020-Jul-15 09:42:35 IniciaWsApi
2020-Jul-15 09:54:49 Control-C, terminando.
2020-Jul-15 09:54:57 IniciaWsApi
2020-Jul-15 10:32:56 Control-C, terminando.
2020-Jul-15 10:33:05 IniciaWsApi
2020-Jul-15 10:33:20 Unhandled error on HandleIncomingData, out of bounds: 0
2020-Jul-15 10:34:34 Control-C, terminando.
2020-Jul-15 10:34:42 IniciaWsApi
2020-Jul-15 10:41:18 Control-C, terminando.
2020-Jul-15 10:50:11 IniciaWsApi
2020-Jul-15 11:27:42 Control-C, terminando.
2020-Jul-15 11:28:10 IniciaWsApi
2020-Jul-15 11:32:08 Control-C, terminando.
2020-Jul-15 11:32:17 IniciaWsApi
2020-Jul-15 11:52:49 IniciaWsApi
2020-Jul-15 12:21:37 Control-C, terminando.
2020-Jul-15 12:21:44 IniciaWsApi
2020-Jul-15 12:32:43 Control-C, terminando.
2020-Jul-15 12:33:42 IniciaWsApi
2020-Jul-15 13:37:03 Control-C, terminando.
2020-Jul-15 13:37:11 IniciaWsApi
2020-Jul-15 13:38:19 Control-C, terminando.
2020-Jul-15 13:38:27 IniciaWsApi
2020-Jul-15 13:40:12 Control-C, terminando.
2020-Jul-15 13:40:20 IniciaWsApi
2020-Jul-15 13:44:43 Control-C, terminando.
2020-Jul-15 13:44:51 IniciaWsApi
2020-Jul-15 13:47:08 Control-C, terminando.
2020-Jul-15 13:47:16 IniciaWsApi
2020-Jul-15 13:47:50 Control-C, terminando.
2020-Jul-15 13:47:56 IniciaWsApi
2020-Jul-15 13:48:55 Control-C, terminando.
2020-Jul-15 13:49:53 IniciaWsApi
2020-Jul-15 13:51:36 Control-C, terminando.
2020-Jul-15 13:51:44 IniciaWsApi
2020-Jul-15 14:12:25 Control-C, terminando.
2020-Jul-15 14:12:33 IniciaWsApi
2020-Jul-15 14:14:12 Control-C, terminando.
2020-Jul-15 14:14:20 IniciaWsApi
2020-Jul-15 14:17:26 Control-C, terminando.
2020-Jul-15 14:17:34 IniciaWsApi
2020-Jul-15 14:28:29 Control-C, terminando.
2020-Jul-15 14:28:38 IniciaWsApi
2020-Jul-15 14:29:10 Control-C, terminando.
2020-Jul-15 14:29:13 IniciaWsApi
2020-Jul-15 14:31:56 Control-C, terminando.
2020-Jul-15 14:32:00 IniciaWsApi
2020-Jul-15 14:32:21 Control-C, terminando.
2020-Jul-15 14:33:36 IniciaWsApi
2020-Jul-15 14:39:09 Control-C, terminando.
2020-Jul-15 14:39:16 IniciaWsApi
2020-Jul-15 14:40:59 Control-C, terminando.
2020-Jul-15 14:41:07 IniciaWsApi
2020-Jul-15 14:43:25 Control-C, terminando.
2020-Jul-15 14:43:33 IniciaWsApi
2020-Jul-15 14:44:48 Control-C, terminando.
2020-Jul-15 14:44:55 IniciaWsApi
2020-Jul-15 14:46:28 Control-C, terminando.
2020-Jul-15 14:53:23 IniciaWsApi
2020-Jul-15 15:06:12 Control-C, terminando.
2020-Jul-15 15:06:20 IniciaWsApi
2020-Jul-15 15:07:21 Control-C, terminando.
2020-Jul-15 15:07:28 IniciaWsApi
2020-Jul-15 15:09:22 Control-C, terminando.
2020-Jul-15 15:09:30 IniciaWsApi
2020-Jul-15 15:10:53 Control-C, terminando.
2020-Jul-15 15:30:21 IniciaWsApi
2020-Jul-15 17:25:13 Control-C, terminando.
2020-Jul-15 17:25:16 IniciaWsApi
2020-Jul-15 17:27:51 Control-C, terminando.
2020-Jul-15 17:31:10 IniciaWsApi
2020-Jul-15 17:31:24 Control-C, terminando.
2020-Jul-15 17:35:09 IniciaWsApi
2020-Jul-15 17:35:41 Control-C, terminando.
2020-Jul-15 17:35:48 IniciaWsApi
2020-Jul-15 17:36:38 Control-C, terminando.
2020-Jul-15 17:36:46 IniciaWsApi
2020-Jul-15 17:37:04 Control-C, terminando.
2020-Jul-15 17:37:12 IniciaWsApi
2020-Jul-15 18:36:49 Control-C, terminando.
2022-Apr-22 23:06:10 IniciaWsApi
2022-Apr-22 23:06:26 Control-C, terminando.
2022-Apr-22 23:06:35 IniciaWsApi
2022-Apr-22 23:07:56 Control-C, terminando.
2022-Apr-23 20:28:58 IniciaWsApi
2022-Apr-23 20:31:12 Control-C, terminando.
2022-Apr-23 20:31:33 IniciaWsApi
2022-Apr-23 20:38:48 Control-C, terminando.
2022-Apr-23 20:38:54 IniciaWsApi
2022-Apr-23 20:39:21 Control-C, terminando.
2022-Apr-23 20:39:30 IniciaWsApi
2022-Apr-23 20:40:15 Control-C, terminando.
2022-Apr-24 11:16:08 IniciaWsApi
2022-Apr-24 13:07:59 Control-C, terminando.
2022-Apr-24 13:08:05 IniciaWsApi
2022-Apr-24 14:21:50 Unhandled error on HandleIncomingData, out of bounds: 0
2022-Apr-24 14:21:56 Control-C, terminando.
2022-Apr-24 14:26:38 IniciaWsApi
2022-Apr-24 14:30:39 Control-C, terminando.
2022-Apr-26 19:29:26 IniciaWsApi
2022-Apr-26 20:14:35 Control-C, terminando.
2022-Apr-26 20:14:49 IniciaWsApi
2022-Apr-26 20:16:08 Control-C, terminando.
2022-Apr-26 20:16:45 IniciaWsApi
2022-Apr-27 00:20:34 Control-C, terminando.
2022-May-01 11:37:25 IniciaWsApi
2022-May-01 11:42:49 Unhandled error on HandleIncomingData, out of bounds: 0
2022-May-01 12:10:10 Control-C, terminando.
2022-May-01 12:10:24 IniciaWsApi
2022-May-01 12:10:27 Unhandled error on HandleIncomingData, vector::_M_range_check: __n (which is 18446744073709551586) >= this->size() (which is 51)
2022-May-01 12:10:29 Unhandled error on HandleIncomingData, vector::_M_range_check: __n (which is 18446744073709551586) >= this->size() (which is 51)
2022-May-01 12:10:42 Unhandled error on HandleIncomingData, vector::_M_range_check: __n (which is 18446744073709551586) >= this->size() (which is 51)
2022-May-01 12:12:07 Control-C, terminando.
2022-May-01 12:12:19 IniciaWsApi
2022-May-01 12:15:50 Control-C, terminando.
2022-May-01 12:16:00 IniciaWsApi
2022-May-01 12:17:56 Control-C, terminando.
2022-May-01 12:18:05 IniciaWsApi
2022-May-01 12:21:41 Control-C, terminando.
2022-May-01 12:21:51 IniciaWsApi
2022-May-01 12:23:23 Control-C, terminando.
2022-May-01 12:23:27 IniciaWsApi
2022-May-01 12:30:56 Control-C, terminando.
2022-May-01 12:31:29 IniciaWsApi
2022-May-01 12:34:18 Control-C, terminando.
2022-May-01 12:34:31 IniciaWsApi
2022-May-01 12:39:07 Control-C, terminando.
2022-May-01 12:39:12 IniciaWsApi
2022-May-01 12:42:35 Control-C, terminando.
2022-May-01 12:42:41 IniciaWsApi
2022-May-01 12:47:47 Control-C, terminando.
2022-May-01 12:47:52 IniciaWsApi
2022-May-01 12:48:41 Control-C, terminando.
2022-May-01 12:48:47 IniciaWsApi
2022-May-01 12:51:53 Control-C, terminando.
2022-May-01 12:52:00 IniciaWsApi
2022-May-01 12:54:50 Control-C, terminando.
2022-May-07 11:40:24 IniciaWsApi
2022-May-07 12:06:59 Control-C, terminando.
2022-May-15 19:35:35 IniciaWsApi
2022-May-15 19:37:58 Unhandled error on HandleIncomingData, out of bounds: 0
2022-May-18 11:32:56 IniciaWsApi
2022-May-18 20:19:03 IniciaWsApi
2022-May-18 20:22:00 Control-C, terminando.
2022-May-28 13:24:55 IniciaWsApi
2022-May-28 18:38:57 IniciaWsApi
2022-May-29 10:52:13 IniciaWsApi
2022-May-29 19:05:05 IniciaWsApi
2022-May-29 20:00:02 Control-C, terminando.
2022-May-29 20:00:33 IniciaWsApi
2022-May-29 20:01:16 Control-C, terminando.
2022-May-29 20:01:41 IniciaWsApi
2022-May-29 20:03:49 Control-C, terminando.
2022-May-29 20:03:54 IniciaWsApi
2022-May-29 20:05:29 Control-C, terminando.
2022-May-29 20:05:34 IniciaWsApi
2022-May-29 20:07:10 Control-C, terminando.
2022-May-29 20:07:19 IniciaWsApi
2022-May-29 21:25:17 Control-C, terminando.
2022-Jun-26 22:14:35 IniciaWsApi
2022-Jun-26 22:16:03 Control-C, terminando.
2022-Jun-26 22:16:16 IniciaWsApi
2022-Jun-26 22:18:40 Control-C, terminando.
2022-Jun-26 22:18:48 IniciaWsApi
2022-Jun-26 22:24:25 Control-C, terminando.
2022-Jun-26 22:53:52 IniciaWsApi
2022-Jun-26 22:56:02 Control-C, terminando.
2022-Jun-26 22:56:09 IniciaWsApi
2022-Jun-26 22:59:32 Control-C, terminando.
